Arguments: 
  C:\Program Files\nodejs\node.exe C:\Users\DELL\AppData\Roaming\npm\node_modules\yarn\bin\yarn.js install

PATH: 
  C:\Windows\system32;C:\Windows;C:\Windows\System32\Wbem;C:\Windows\System32\WindowsPowerShell\v1.0\;C:\Windows\System32\OpenSSH\;C:\Program Files\Git\cmd;C:\Program Files\nodejs\;C:\Users\DELL\AppData\Local\Microsoft\WindowsApps;;C:\Users\DELL\AppData\Local\Programs\Microsoft VS Code\bin;C:\Users\DELL\AppData\Roaming\npm

Yarn version: 
  1.22.19

Node version: 
  18.16.1

Platform: 
  win32 x64

Trace: 
  Error: read ECONNRESET
      at TLSWrap.onStreamRead (node:internal/stream_base_commons:217:20)

npm manifest: 
  {
    "name": "app-ui",
    "version": "1.0.0",
    "main": "node_modules/expo/AppEntry.js",
    "scripts": {
      "start": "expo start",
      "android": "expo start --android",
      "ios": "expo start --ios",
      "web": "expo start --web"
    },
    "dependencies": {
      "@react-navigation/bottom-tabs": "^6.5.7",
      "@react-navigation/native": "^6.1.6",
      "@react-navigation/native-stack": "^6.9.12",
      "axios": "^1.3.5",
      "expo": "~48.0.6",
      "expo-linear-gradient": "^12.1.2",
      "expo-status-bar": "~1.4.4",
      "nativewind": "^2.0.11",
      "react": "18.2.0",
      "react-native": "0.71.8",
      "react-native-animatable": "^1.3.3",
      "react-native-feather": "^1.1.2",
      "react-native-heroicons": "^3.2.0",
      "react-native-ratings": "^8.1.0",
      "react-native-safe-area-context": "4.5.0",
      "react-native-screens": "~3.20.0",
      "react-native-snap-carousel": "^4.0.0-beta.6",
      "react-native-star-rating": "^1.1.0",
      "react-native-svg": "13.4.0",
      "tailwindcss": "^3.2.7"
    },
    "devDependencies": {
      "@babel/core": "^7.20.0",
      "babel-plugin-module-resolver": "^5.0.0",
      "deprecated-react-native-prop-types": "^4.0.0"
    },
    "private": true
  }

yarn manifest: 
  No manifest

Lockfile: 
  No lockfile
